<?xml version="1.0" encoding="UTF-8"?>
<testsuite xmlns:xsi="http://www.w3.org/2001/XMLSchema-instance" xsi:noNamespaceSchemaLocation="https://maven.apache.org/surefire/maven-surefire-plugin/xsd/surefire-test-report.xsd" name="TestSuite" time="80.22" tests="6" errors="0" skipped="0" failures="3">
  <properties>
[...]
</properties>
  <testcase name="LoginTest" classname="com.citi.HybridFramewordkProject.testCases.TC_LoginTest_001" time="14.524"/>
  <testcase name="loginTest" classname="com.citi.HybridFramewordkProject.testCases.TC_LoginDDT_002" time="12.246"/>
  <testcase name="loginTest" classname="com.citi.HybridFramewordkProject.testCases.TC_LoginDDT_002" time="6.785">
    <failure message="expected [true] but found [false]" type="java.lang.AssertionError">java.lang.AssertionError: expected [true] but found [false]
	at com.citi.HybridFramewordkProject.testCases.TC_LoginDDT_002.loginTest(TC_LoginDDT_002.java:43)
</failure>
    <system-out><![CDATA[ INFO [main] (TC_LoginDDT_002.java:20)- URL is opened.....
 INFO [main] (TC_LoginDDT_002.java:30)- clicked on Login btn
Your store. Login
 INFO [main] (TC_LoginDDT_002.java:32)- click on the login page...
Screenshot taken
]]></system-out>
  </testcase>
  <testcase name="loginTest" classname="com.citi.HybridFramewordkProject.testCases.TC_LoginDDT_002" time="6.652">
    <failure message="expected [true] but found [false]" type="java.lang.AssertionError">java.lang.AssertionError: expected [true] but found [false]
	at com.citi.HybridFramewordkProject.testCases.TC_LoginDDT_002.loginTest(TC_LoginDDT_002.java:43)
</failure>
    <system-out><![CDATA[ INFO [main] (TC_LoginDDT_002.java:20)- URL is opened.....
 INFO [main] (TC_LoginDDT_002.java:30)- clicked on Login btn
Your store. Login
 INFO [main] (TC_LoginDDT_002.java:32)- click on the login page...
Screenshot taken
]]></system-out>
  </testcase>
  <testcase name="loginTest" classname="com.citi.HybridFramewordkProject.testCases.TC_LoginDDT_002" time="6.567">
    <failure message="expected [true] but found [false]" type="java.lang.AssertionError">java.lang.AssertionError: expected [true] but found [false]
	at com.citi.HybridFramewordkProject.testCases.TC_LoginDDT_002.loginTest(TC_LoginDDT_002.java:43)
</failure>
    <system-out><![CDATA[ INFO [main] (TC_LoginDDT_002.java:20)- URL is opened.....
 INFO [main] (TC_LoginDDT_002.java:30)- clicked on Login btn
Your store. Login
 INFO [main] (TC_LoginDDT_002.java:32)- click on the login page...
Screenshot taken
]]></system-out>
  </testcase>
  <testcase name="addNewCustomer" classname="com.citi.HybridFramewordkProject.testCases.TC_AddCustomerTest_003" time="24.265"/>
</testsuite>